<?xml version="1.0" encoding="UTF-8"?>
<!-- Generated by org.testng.reporters.JUnitXMLReporter -->
<testsuite ignored="1" hostname="udayasree" failures="0" tests="2" name="Default test" time="0.078" errors="0" timestamp="2026-03-27T14:56:21 IST">
  <testcase classname="TestngMethods.Testng_Methods" name="method2" time="0.013"/>
  <testcase classname="TestngMethods.Testng_Methods" name="method3" time="0.003"/>
  <testcase classname="TestngMethods.Testng_Methods" name="method1" time="0.0">
    <ignored/>
  </testcase> <!-- method1 -->
</testsuite> <!-- Default test -->
