<?xml version="1.0" encoding="UTF-8"?>
<!-- Generated by org.testng.reporters.JUnitXMLReporter -->
<testsuite ignored="0" hostname="udayasree" failures="0" tests="5" name="Test1" time="0.127" errors="0" timestamp="2026-03-27T15:00:00 IST">
  <testcase classname="TestngMethods.Day1" name="signin" time="0.018"/>
  <testcase classname="TestngMethods.Day1" name="signout" time="0.002"/>
  <testcase classname="TestngMethods.Day1" name="testbefore" time="0.004"/>
  <testcase classname="TestngMethods.Day2" name="login" time="0.004"/>
  <testcase classname="TestngMethods.Day2" name="logout" time="0.003"/>
</testsuite> <!-- Test1 -->
