<?xml version="1.0" encoding="UTF-8"?>
<!-- Generated by org.testng.reporters.JUnitXMLReporter -->
<testsuite ignored="1" hostname="udayasree" failures="0" tests="2" name="Test2" time="0.012" errors="0" timestamp="2026-03-27T15:00:00 IST">
  <testcase classname="TestngMethods.Testng_Methods" name="method2" time="0.002"/>
  <testcase classname="TestngMethods.Testng_Methods" name="method3" time="0.002"/>
  <testcase classname="TestngMethods.Testng_Methods" name="method1" time="0.0">
    <ignored/>
  </testcase> <!-- method1 -->
</testsuite> <!-- Test2 -->
