<?xml version="1.0" encoding="UTF-8"?>
<!-- Generated by org.testng.reporters.JUnitXMLReporter -->
<testsuite ignored="0" hostname="udayasree" failures="0" tests="8" name="Test" time="29.162" errors="0" timestamp="2025-10-25T15:09:33 IST">
  <testcase classname="Testng.basic_testng_script" name="dropdown" time="5.108"/>
  <testcase classname="Testng.websiteprac" name="lauchapp" time="5.294"/>
  <testcase classname="Testng.websiteprac" name="verifylogo" time="2.056"/>
  <testcase classname="Testng.websiteprac" name="login" time="0.164"/>
  <testcase classname="Testng.websiteprac" name="closeapp" time="0.198"/>
  <testcase classname="Testng.testcase1" name="openpage" time="3.154"/>
  <testcase classname="Testng.testcase1" name="enterdetails" time="6.085"/>
  <testcase classname="Testng.testcase1" name="closepage" time="0.219"/>
</testsuite> <!-- Test -->
