<?xml version="1.0" encoding="UTF-8"?>
<testng-results ignored="0" total="7" passed="7" failed="0" skipped="0">
  <reporter-output>
  </reporter-output>
  <suite started-at="2026-03-27T15:00:00 IST" name="Suite" finished-at="2026-03-27T15:00:00 IST" duration-ms="261">
    <groups>
    </groups>
    <test started-at="2026-03-27T15:00:00 IST" name="Test1" finished-at="2026-03-27T15:00:00 IST" duration-ms="127">
      <class name="TestngMethods.Day1">
        <test-method is-config="true" signature="testbefore1(java.lang.String)[pri:0, instance:TestngMethods.Day1@74e52ef6]" started-at="2026-03-27T15:00:00 IST" name="testbefore1" finished-at="2026-03-27T15:00:00 IST" duration-ms="7" status="PASS">
          <params>
            <param index="0">
              <value>
                <![CDATA[https://google.com]]>
              </value>
            </param>
          </params>
          <reporter-output>
          </reporter-output>
        </test-method> <!-- testbefore1 -->
        <test-method is-config="true" signature="BeforeClass()[pri:0, instance:TestngMethods.Day1@74e52ef6]" started-at="2026-03-27T15:00:00 IST" name="BeforeClass" finished-at="2026-03-27T15:00:00 IST" duration-ms="1" status="PASS">
          <reporter-output>
          </reporter-output>
        </test-method> <!-- BeforeClass -->
        <test-method signature="signin()[pri:0, instance:TestngMethods.Day1@74e52ef6]" started-at="2026-03-27T15:00:00 IST" name="signin" finished-at="2026-03-27T15:00:00 IST" duration-ms="18" status="PASS">
          <reporter-output>
          </reporter-output>
        </test-method> <!-- signin -->
        <test-method signature="signout()[pri:0, instance:TestngMethods.Day1@74e52ef6]" started-at="2026-03-27T15:00:00 IST" name="signout" finished-at="2026-03-27T15:00:00 IST" duration-ms="2" status="PASS">
          <reporter-output>
          </reporter-output>
        </test-method> <!-- signout -->
        <test-method signature="testbefore(java.lang.String)[pri:0, instance:TestngMethods.Day1@74e52ef6]" started-at="2026-03-27T15:00:00 IST" name="testbefore" finished-at="2026-03-27T15:00:00 IST" duration-ms="4" status="PASS">
          <params>
            <param index="0">
              <value>
                <![CDATA[dft]]>
              </value>
            </param>
          </params>
          <reporter-output>
          </reporter-output>
        </test-method> <!-- testbefore -->
        <test-method is-config="true" signature="AfterClass()[pri:0, instance:TestngMethods.Day1@74e52ef6]" started-at="2026-03-27T15:00:00 IST" name="AfterClass" finished-at="2026-03-27T15:00:00 IST" duration-ms="1" status="PASS">
          <reporter-output>
          </reporter-output>
        </test-method> <!-- AfterClass -->
        <test-method is-config="true" signature="afterbefore()[pri:0, instance:TestngMethods.Day1@74e52ef6]" started-at="2026-03-27T15:00:00 IST" name="afterbefore" finished-at="2026-03-27T15:00:00 IST" duration-ms="1" status="PASS">
          <reporter-output>
          </reporter-output>
        </test-method> <!-- afterbefore -->
      </class> <!-- TestngMethods.Day1 -->
      <class name="TestngMethods.Day2">
        <test-method is-config="true" signature="beforemethod()[pri:0, instance:TestngMethods.Day2@4d1c00d0]" started-at="2026-03-27T15:00:00 IST" name="beforemethod" finished-at="2026-03-27T15:00:00 IST" duration-ms="1" status="PASS">
          <reporter-output>
          </reporter-output>
        </test-method> <!-- beforemethod -->
        <test-method signature="login()[pri:0, instance:TestngMethods.Day2@4d1c00d0]" started-at="2026-03-27T15:00:00 IST" name="login" finished-at="2026-03-27T15:00:00 IST" duration-ms="4" status="PASS">
          <reporter-output>
          </reporter-output>
        </test-method> <!-- login -->
        <test-method is-config="true" signature="aftermethod()[pri:0, instance:TestngMethods.Day2@4d1c00d0]" started-at="2026-03-27T15:00:00 IST" name="aftermethod" finished-at="2026-03-27T15:00:00 IST" duration-ms="1" status="PASS">
          <reporter-output>
          </reporter-output>
        </test-method> <!-- aftermethod -->
        <test-method is-config="true" signature="beforemethod()[pri:0, instance:TestngMethods.Day2@4d1c00d0]" started-at="2026-03-27T15:00:00 IST" name="beforemethod" finished-at="2026-03-27T15:00:00 IST" duration-ms="1" status="PASS">
          <reporter-output>
          </reporter-output>
        </test-method> <!-- beforemethod -->
        <test-method signature="logout()[pri:0, instance:TestngMethods.Day2@4d1c00d0]" started-at="2026-03-27T15:00:00 IST" name="logout" finished-at="2026-03-27T15:00:00 IST" duration-ms="3" status="PASS">
          <reporter-output>
          </reporter-output>
        </test-method> <!-- logout -->
        <test-method is-config="true" signature="aftermethod()[pri:0, instance:TestngMethods.Day2@4d1c00d0]" started-at="2026-03-27T15:00:00 IST" name="aftermethod" finished-at="2026-03-27T15:00:00 IST" duration-ms="3" status="PASS">
          <reporter-output>
          </reporter-output>
        </test-method> <!-- aftermethod -->
      </class> <!-- TestngMethods.Day2 -->
    </test> <!-- Test1 -->
    <test started-at="2026-03-27T15:00:00 IST" name="Test2" finished-at="2026-03-27T15:00:00 IST" duration-ms="12">
      <class name="TestngMethods.Day2">
        <test-method is-config="true" signature="Beforesuite()[pri:0, instance:TestngMethods.Day2@4d1c00d0]" started-at="2026-03-27T15:00:00 IST" name="Beforesuite" finished-at="2026-03-27T15:00:00 IST" duration-ms="22" status="PASS">
          <reporter-output>
          </reporter-output>
        </test-method> <!-- Beforesuite -->
        <test-method is-config="true" signature="Aftersuite()[pri:0, instance:TestngMethods.Day2@4d1c00d0]" started-at="2026-03-27T15:00:00 IST" name="Aftersuite" finished-at="2026-03-27T15:00:00 IST" duration-ms="2" status="PASS">
          <reporter-output>
          </reporter-output>
        </test-method> <!-- Aftersuite -->
      </class> <!-- TestngMethods.Day2 -->
      <class name="TestngMethods.Testng_Methods">
        <test-method signature="method2()[pri:0, instance:TestngMethods.Testng_Methods@1e66f1f5]" started-at="2026-03-27T15:00:00 IST" name="method2" finished-at="2026-03-27T15:00:00 IST" duration-ms="2" status="PASS">
          <reporter-output>
          </reporter-output>
        </test-method> <!-- method2 -->
        <test-method signature="method3()[pri:0, instance:TestngMethods.Testng_Methods@1e66f1f5]" started-at="2026-03-27T15:00:00 IST" name="method3" finished-at="2026-03-27T15:00:00 IST" duration-ms="2" status="PASS">
          <reporter-output>
          </reporter-output>
        </test-method> <!-- method3 -->
      </class> <!-- TestngMethods.Testng_Methods -->
    </test> <!-- Test2 -->
  </suite> <!-- Suite -->
</testng-results>
