<?xml version="1.0" encoding="UTF-8"?>
<!-- Generated by org.testng.reporters.JUnitReportReporter -->
<testsuite hostname="udayasree" failures="0" tests="3" name="groupingconcept.logintest" time="0.014" errors="0" timestamp="2025-04-18T15:07:07 IST" skipped="0">
  <testcase classname="groupingconcept.logintest" name="loginintoemail" time="0.009"/>
  <testcase classname="groupingconcept.logintest" name="loginintofacebook" time="0.002"/>
  <testcase classname="groupingconcept.logintest" name="loginintotwitter" time="0.003"/>
</testsuite> <!-- groupingconcept.logintest -->
