<?xml version="1.0" encoding="UTF-8"?>
<!-- Generated by org.testng.reporters.JUnitReportReporter -->
<testsuite hostname="udayasree" failures="0" tests="3" name="Testng.testcase1" time="9.458" errors="0" timestamp="2025-10-25T15:09:33 IST" skipped="0">
  <testcase classname="Testng.testcase1" name="openpage" time="3.154"/>
  <testcase classname="Testng.testcase1" name="enterdetails" time="6.085"/>
  <testcase classname="Testng.testcase1" name="closepage" time="0.219"/>
</testsuite> <!-- Testng.testcase1 -->
