<?xml version="1.0" encoding="UTF-8"?>
<!-- Generated by org.testng.reporters.JUnitReportReporter -->
<testsuite hostname="udayasree" failures="0" tests="3" name="Testng.WebTables" time="11.243" errors="0" timestamp="2026-01-19T06:22:44 IST" skipped="0">
  <testcase classname="Testng.WebTables" name="credentials" time="2.454"/>
  <testcase classname="Testng.WebTables" name="edit" time="3.520"/>
  <testcase classname="Testng.WebTables" name="delete" time="5.269"/>
</testsuite> <!-- Testng.WebTables -->
