<?xml version="1.0" encoding="UTF-8"?>
<!-- Generated by org.testng.reporters.JUnitReportReporter -->
<testsuite hostname="udayasree" failures="0" tests="3" name="TestngMethods.Testng_Methods" time="0.004" errors="0" timestamp="2026-03-27T15:00:00 IST" skipped="1">
  <testcase classname="TestngMethods.Testng_Methods" name="method2" time="0.002"/>
  <testcase classname="TestngMethods.Testng_Methods" name="method3" time="0.002"/>
  <testcase classname="TestngMethods.Testng_Methods" name="method1">
    <skipped/>
  </testcase> <!-- method1 -->
</testsuite> <!-- TestngMethods.Testng_Methods -->
