<?xml version="1.0" encoding="UTF-8"?>
<!-- Generated by org.testng.reporters.JUnitReportReporter -->
<testsuite hostname="udayasree" failures="0" tests="3" name="TestngMethods.Day1" time="0.024" errors="0" timestamp="2026-03-27T15:00:00 IST" skipped="0">
  <testcase classname="TestngMethods.Day1" name="testbefore" time="0.004"/>
  <testcase classname="TestngMethods.Day1" name="signin" time="0.018"/>
  <testcase classname="TestngMethods.Day1" name="signout" time="0.002"/>
</testsuite> <!-- TestngMethods.Day1 -->
