<?xml version="1.0" encoding="UTF-8"?>
<!-- Generated by org.testng.reporters.JUnitReportReporter -->
<testsuite hostname="udayasree" failures="0" tests="3" name="Testng.assertions_basic_prac" time="10.562" errors="0" timestamp="2025-10-26T15:21:47 IST" skipped="0">
  <testcase classname="Testng.assertions_basic_prac" name="switchwindow" time="6.268"/>
  <testcase classname="Testng.assertions_basic_prac" name="assertions" time="2.135"/>
  <testcase classname="Testng.assertions_basic_prac" name="assertionssoft" time="2.159"/>
</testsuite> <!-- Testng.assertions_basic_prac -->
