<?xml version="1.0" encoding="UTF-8"?>
<!-- Generated by org.testng.reporters.JUnitReportReporter -->
<testsuite hostname="udayasree" failures="0" tests="4" name="parameterization.paralleleecution" time="0.107" errors="0" timestamp="2025-04-19T14:51:20 IST" skipped="0">
  <testcase classname="parameterization.paralleleecution" name="logo" time="0.057"/>
  <testcase classname="parameterization.paralleleecution" name="logo" time="0.033"/>
  <testcase classname="parameterization.paralleleecution" name="title" time="0.006"/>
  <testcase classname="parameterization.paralleleecution" name="title" time="0.011"/>
</testsuite> <!-- parameterization.paralleleecution -->
