<?xml version="1.0" encoding="UTF-8"?>
<!-- Generated by org.testng.reporters.JUnitReportReporter -->
<testsuite hostname="udayasree" failures="0" tests="4" name="Testng.websiteprac" time="7.712" errors="0" timestamp="2025-10-25T15:09:33 IST" skipped="0">
  <testcase classname="Testng.websiteprac" name="lauchapp" time="5.294"/>
  <testcase classname="Testng.websiteprac" name="verifylogo" time="2.056"/>
  <testcase classname="Testng.websiteprac" name="login" time="0.164"/>
  <testcase classname="Testng.websiteprac" name="closeapp" time="0.198"/>
</testsuite> <!-- Testng.websiteprac -->
