<?xml version="1.0" encoding="UTF-8"?>
<!-- Generated by org.testng.reporters.JUnitReportReporter -->
<testsuite hostname="udayasree" failures="0" tests="3" name="groupingconcept.signuppage" time="0.009" errors="0" timestamp="2025-04-18T15:09:41 IST" skipped="0">
  <testcase classname="groupingconcept.signuppage" name="signupintoemail" time="0.007"/>
  <testcase classname="groupingconcept.signuppage" name="signupintofacebook" time="0.001"/>
  <testcase classname="groupingconcept.signuppage" name="signupintotwitter" time="0.001"/>
</testsuite> <!-- groupingconcept.signuppage -->
