<?xml version="1.0" encoding="UTF-8"?>
<!-- Generated by org.testng.reporters.JUnitXMLReporter -->
<testsuite ignored="6" hostname="udayasree" failures="0" tests="2" name="mygroup" time="0.128" errors="0" timestamp="2026-02-06T21:11:36 IST">
  <testcase classname="groupingconcept.paymenttest" name="paybyrupee" time="0.025"/>
  <testcase classname="groupingconcept.paymenttest" name="paybydollar" time="0.001"/>
  <testcase classname="groupingconcept.signuppage" name="signupintofacebook" time="0.0">
    <ignored/>
  </testcase> <!-- signupintofacebook -->
  <testcase classname="groupingconcept.logintest" name="loginintotwitter" time="0.0">
    <ignored/>
  </testcase> <!-- loginintotwitter -->
  <testcase classname="groupingconcept.signuppage" name="signupintoemail" time="0.0">
    <ignored/>
  </testcase> <!-- signupintoemail -->
  <testcase classname="groupingconcept.logintest" name="loginintoemail" time="0.0">
    <ignored/>
  </testcase> <!-- loginintoemail -->
  <testcase classname="groupingconcept.signuppage" name="signupintotwitter" time="0.0">
    <ignored/>
  </testcase> <!-- signupintotwitter -->
  <testcase classname="groupingconcept.logintest" name="loginintofacebook" time="0.0">
    <ignored/>
  </testcase> <!-- loginintofacebook -->
</testsuite> <!-- mygroup -->
